<?xml version="1.0" encoding="UTF-8"?>
<!-- Generated by org.testng.reporters.JUnitXMLReporter -->
<testsuite ignored="0" hostname="Girishs-MacBook-Pro.local" failures="0" tests="11" name="Test" time="57.646" errors="0" timestamp="2024-01-19T11:45:58 IST">
  <testcase classname="com.tutorialsninja.test.LoginTest" name="verifyLoginwithvalidcredentials" time="0.757"/>
  <testcase classname="com.tutorialsninja.test.LoginTest" name="verifyLoginwithinvalidcredentials" time="0.665"/>
  <testcase classname="com.tutorialsninja.test.LoginTest" name="verifyLoginwithinvalidemail_and_validpassword" time="0.822"/>
  <testcase classname="com.tutorialsninja.test.LoginTest" name="verifyLoginwithvalidemail_and_invalidpassword" time="0.585"/>
  <testcase classname="com.tutorialsninja.test.RegisterTest" name="verifyregistering_Account_with_mandetoryfields" time="1.124"/>
  <testcase classname="com.tutorialsninja.test.RegisterTest" name="verifyregistering_Account_with_Allfields" time="1.092"/>
  <testcase classname="com.tutorialsninja.test.RegisterTest" name="verifyregistering_Account_with_exiting_emailaddress" time="0.879"/>
  <testcase classname="com.tutorialsninja.test.RegisterTest" name="verifyregistering_Account_without_filling_anydetails" time="0.353"/>
  <testcase classname="com.tutorialsninja.test.SearchTest" name="search_with_valid_product" time="0.395"/>
  <testcase classname="com.tutorialsninja.test.SearchTest" name="search_with_invalid_product" time="0.342"/>
  <testcase classname="com.tutorialsninja.test.SearchTest" name="search_withoutproviding_any_product" time="0.262"/>
</testsuite> <!-- Test -->
