<?xml version="1.0" encoding="UTF-8"?>
<testng-results ignored="0" total="4" passed="3" failed="1" skipped="0">
  <reporter-output>
  </reporter-output>
  <suite started-at="2024-01-22T16:46:35 IST" name="Default suite" finished-at="2024-01-22T16:46:50 IST" duration-ms="15323">
    <groups>
    </groups>
    <test started-at="2024-01-22T16:46:35 IST" name="Default test" finished-at="2024-01-22T16:46:50 IST" duration-ms="15323">
      <class name="com.tutorialsninja.test.LoginTest">
        <test-method signature="verifyLoginwithvalidcredentials(java.lang.String,java.lang.String)[pri:1, instance:com.tutorialsninja.test.LoginTest@5e2c3d18]" started-at="2024-01-22T16:46:35 IST" name="verifyLoginwithvalidcredentials" finished-at="2024-01-22T16:46:35 IST" duration-ms="0" status="FAIL">
          <exception class="org.testng.TestNGException">
            <message>
              <![CDATA[
Cannot inject @Test annotated Method [verifyLoginwithvalidcredentials] with [class java.lang.String, class java.lang.String].
For more information on native dependency injection please refer to https://testng.org/doc/documentation-main.html#native-dependency-injection]]>
            </message>
            <full-stacktrace>
              <![CDATA[org.testng.TestNGException: 
Cannot inject @Test annotated Method [verifyLoginwithvalidcredentials] with [class java.lang.String, class java.lang.String].
For more information on native dependency injection please refer to https://testng.org/doc/documentation-main.html#native-dependency-injection
at org.testng.internal.Parameters.checkParameterTypes(Parameters.java:436)
at org.testng.internal.Parameters.createParametersForMethod(Parameters.java:350)
at org.testng.internal.Parameters.createParameters(Parameters.java:693)
at org.testng.internal.Parameters.handleParameters(Parameters.java:879)
at org.testng.internal.Parameters.handleParameters(Parameters.java:728)
at org.testng.internal.invokers.ParameterHandler.handleParameters(ParameterHandler.java:72)
at org.testng.internal.invokers.ParameterHandler.createParameters(ParameterHandler.java:51)
at org.testng.internal.invokers.TestInvoker$MethodInvocationAgent.invoke(TestInvoker.java:911)
at org.testng.internal.invokers.TestInvoker.invokeTestMethods(TestInvoker.java:200)
at org.testng.internal.invokers.TestMethodWorker.invokeTestMethods(TestMethodWorker.java:148)
at org.testng.internal.invokers.TestMethodWorker.run(TestMethodWorker.java:128)
at java.base/java.util.ArrayList.forEach(ArrayList.java:1541)
at org.testng.TestRunner.privateRun(TestRunner.java:848)
at org.testng.TestRunner.run(TestRunner.java:621)
at org.testng.SuiteRunner.runTest(SuiteRunner.java:443)
at org.testng.SuiteRunner.runSequentially(SuiteRunner.java:437)
at org.testng.SuiteRunner.privateRun(SuiteRunner.java:397)
at org.testng.SuiteRunner.run(SuiteRunner.java:336)
at org.testng.SuiteRunnerWorker.runSuite(SuiteRunnerWorker.java:52)
at org.testng.SuiteRunnerWorker.run(SuiteRunnerWorker.java:95)
at org.testng.TestNG.runSuitesSequentially(TestNG.java:1280)
at org.testng.TestNG.runSuitesLocally(TestNG.java:1200)
at org.testng.TestNG.runSuites(TestNG.java:1114)
at org.testng.TestNG.run(TestNG.java:1082)
at org.testng.remote.AbstractRemoteTestNG.run(AbstractRemoteTestNG.java:115)
at org.testng.remote.RemoteTestNG.initAndRun(RemoteTestNG.java:251)
at org.testng.remote.RemoteTestNG.main(RemoteTestNG.java:77)
]]>
            </full-stacktrace>
          </exception> <!-- org.testng.TestNGException -->
          <reporter-output>
          </reporter-output>
        </test-method> <!-- verifyLoginwithvalidcredentials -->
        <test-method is-config="true" signature="setup()[pri:0, instance:com.tutorialsninja.test.LoginTest@5e2c3d18]" started-at="2024-01-22T16:46:35 IST" name="setup" finished-at="2024-01-22T16:46:41 IST" duration-ms="6122" status="PASS">
          <reporter-output>
          </reporter-output>
        </test-method> <!-- setup -->
        <test-method signature="verifyLoginwithinvalidcredentials()[pri:2, instance:com.tutorialsninja.test.LoginTest@5e2c3d18]" started-at="2024-01-22T16:46:41 IST" name="verifyLoginwithinvalidcredentials" finished-at="2024-01-22T16:46:41 IST" duration-ms="657" status="PASS">
          <reporter-output>
          </reporter-output>
        </test-method> <!-- verifyLoginwithinvalidcredentials -->
        <test-method is-config="true" signature="teardown()[pri:0, instance:com.tutorialsninja.test.LoginTest@5e2c3d18]" started-at="2024-01-22T16:46:41 IST" name="teardown" finished-at="2024-01-22T16:46:42 IST" duration-ms="199" status="PASS">
          <reporter-output>
          </reporter-output>
        </test-method> <!-- teardown -->
        <test-method is-config="true" signature="setup()[pri:0, instance:com.tutorialsninja.test.LoginTest@5e2c3d18]" started-at="2024-01-22T16:46:42 IST" name="setup" finished-at="2024-01-22T16:46:45 IST" duration-ms="3132" status="PASS">
          <reporter-output>
          </reporter-output>
        </test-method> <!-- setup -->
        <test-method signature="verifyLoginwithinvalidemail_and_validpassword()[pri:3, instance:com.tutorialsninja.test.LoginTest@5e2c3d18]" started-at="2024-01-22T16:46:45 IST" name="verifyLoginwithinvalidemail_and_validpassword" finished-at="2024-01-22T16:46:45 IST" duration-ms="664" status="PASS">
          <reporter-output>
          </reporter-output>
        </test-method> <!-- verifyLoginwithinvalidemail_and_validpassword -->
        <test-method is-config="true" signature="teardown()[pri:0, instance:com.tutorialsninja.test.LoginTest@5e2c3d18]" started-at="2024-01-22T16:46:45 IST" name="teardown" finished-at="2024-01-22T16:46:46 IST" duration-ms="219" status="PASS">
          <reporter-output>
          </reporter-output>
        </test-method> <!-- teardown -->
        <test-method is-config="true" signature="setup()[pri:0, instance:com.tutorialsninja.test.LoginTest@5e2c3d18]" started-at="2024-01-22T16:46:46 IST" name="setup" finished-at="2024-01-22T16:46:49 IST" duration-ms="3322" status="PASS">
          <reporter-output>
          </reporter-output>
        </test-method> <!-- setup -->
        <test-method signature="verifyLoginwithvalidemail_and_invalidpassword()[pri:4, instance:com.tutorialsninja.test.LoginTest@5e2c3d18]" started-at="2024-01-22T16:46:49 IST" name="verifyLoginwithvalidemail_and_invalidpassword" finished-at="2024-01-22T16:46:50 IST" duration-ms="691" status="PASS">
          <reporter-output>
          </reporter-output>
        </test-method> <!-- verifyLoginwithvalidemail_and_invalidpassword -->
        <test-method is-config="true" signature="teardown()[pri:0, instance:com.tutorialsninja.test.LoginTest@5e2c3d18]" started-at="2024-01-22T16:46:50 IST" name="teardown" finished-at="2024-01-22T16:46:50 IST" duration-ms="197" status="PASS">
          <reporter-output>
          </reporter-output>
        </test-method> <!-- teardown -->
      </class> <!-- com.tutorialsninja.test.LoginTest -->
    </test> <!-- Default test -->
  </suite> <!-- Default suite -->
</testng-results>
